2025-06-22 19:58:54 INFO [com.example.yin.YinMusicApplication]: Starting YinMusicApplication using Java 17.0.1 on YAHAHA with PID 13608 (F:\IDEA\IDEA_Project\music-website\music-server\target\classes started by 24270 in F:\IDEA\IDEA_Project\music-website)
2025-06-22 19:58:54 INFO [com.example.yin.YinMusicApplication]: The following profiles are active: dev
2025-06-22 19:58:54 INFO [org.springframework.boot.devtools.env.DevToolsPropertyDefaultsPostProcessor]: Devtools property defaults active! Set 'spring.devtools.add-properties' to 'false' to disable
2025-06-22 19:58:54 INFO [org.springframework.boot.devtools.env.DevToolsPropertyDefaultsPostProcessor]: For additional web related logging consider setting the 'logging.level.web' property to 'DEBUG'
2025-06-22 19:58:55 INFO [org.springframework.data.repository.config.RepositoryConfigurationDelegate]: Multiple Spring Data modules found, entering strict repository configuration mode!
2025-06-22 19:58:55 INFO [org.springframework.data.repository.config.RepositoryConfigurationDelegate]: Bootstrapping Spring Data Redis repositories in DEFAULT mode.
2025-06-22 19:58:55 INFO [org.springframework.data.repository.config.RepositoryConfigurationDelegate]: Finished Spring Data repository scanning in 10 ms. Found 0 Redis repository interfaces.
2025-06-22 19:58:56 INFO [org.springframework.boot.web.embedded.tomcat.TomcatWebServer]: Tomcat initialized with port(s): 8888 (http)
2025-06-22 19:58:56 INFO [org.springframework.boot.web.servlet.context.ServletWebServerApplicationContext]: Root WebApplicationContext: initialization completed in 2219 ms
2025-06-22 19:58:57 WARN [org.springframework.boot.devtools.autoconfigure.OptionalLiveReloadServer]: Unable to start LiveReload server
2025-06-22 19:58:57 WARN [org.springframework.boot.web.servlet.context.AnnotationConfigServletWebServerApplicationContext]: Exception encountered during context initialization - cancelling refresh attempt: org.springframework.context.ApplicationContextException: Failed to start bean 'webServerStartStop'; nested exception is org.springframework.boot.web.server.PortInUseException: Port 8888 is already in use
2025-06-22 19:58:57 INFO [org.springframework.boot.autoconfigure.logging.ConditionEvaluationReportLoggingListener]: 

Error starting ApplicationContext. To display the conditions report re-run your application with 'debug' enabled.
2025-06-22 19:58:57 ERROR [org.springframework.boot.diagnostics.LoggingFailureAnalysisReporter]: 

***************************
APPLICATION FAILED TO START
***************************

Description:

Web server failed to start. Port 8888 was already in use.

Action:

Identify and stop the process that's listening on port 8888 or configure this application to listen on another port.

